# JRE version: OpenJDK Runtime Environment Temurin-23.0.1+11 (23.0.1+11) (build 23.0.1+11)
# Java VM: OpenJDK 64-Bit Server VM Temurin-23.0.1+11 (23.0.1+11, mixed mode, sharing, tiered, compressed oops, compressed class ptrs, g1 gc, windows-amd64)
GC Precious Log:
 CardTable entry size: 512
 Card Set container configuration: InlinePtr #cards 4 size 8 Array Of Cards #cards 32 size 80 Howl #buckets 8 coarsen threshold 7372 Howl Bitmap #cards 1024 size 144 coarsen threshold 921 Card regions per heap region 1 cards per card region 8192
 CPUs: 8 total, 8 available
 Memory: 24530M
 Large Page Support: Disabled
 NUMA Support: Disabled
 Compressed Oops: Enabled (Zero based)
 Heap Region Size: 4M
 Heap Min Capacity: 8M
 Heap Initial Capacity: 384M
 Heap Max Capacity: 6136M
 Pre-touch: Disabled
 Parallel Workers: 8
 Concurrent Workers: 2
 Concurrent Refinement Workers: 8
 Periodic GC: Disabled
Heap:
 garbage-first heap   total reserved 6283264K, committed 98304K, used 60779K [0x0000000680800000, 0x0000000800000000)
  region size 4096K, 10 young (40960K), 0 survivors (0K)
 Metaspace       used 68361K, committed 68992K, reserved 1114112K
  class space    used 9322K, committed 9600K, reserved 1048576K
GC Heap History (20 events):
Event: 7.387 GC heap before
{Heap before GC invocations=10 (full 0):
 garbage-first heap   total reserved 6283264K, committed 57344K, used 43344K [0x0000000680800000, 0x0000000800000000)
  region size 4096K, 7 young (28672K), 1 survivors (4096K)
 Metaspace       used 33927K, committed 34496K, reserved 1114112K
  class space    used 4295K, committed 4544K, reserved 1048576K
}
Event: 7.391 GC heap after
{Heap after GC invocations=11 (full 0):
 garbage-first heap   total reserved 6283264K, committed 57344K, used 19766K [0x0000000680800000, 0x0000000800000000)
  region size 4096K, 1 young (4096K), 1 survivors (4096K)
 Metaspace       used 33927K, committed 34496K, reserved 1114112K
  class space    used 4295K, committed 4544K, reserved 1048576K
}
Event: 7.550 GC heap before
{Heap before GC invocations=11 (full 0):
 garbage-first heap   total reserved 6283264K, committed 57344K, used 36150K [0x0000000680800000, 0x0000000800000000)
  region size 4096K, 6 young (24576K), 1 survivors (4096K)
 Metaspace       used 35579K, committed 36096K, reserved 1114112K
  class space    used 4542K, committed 4736K, reserved 1048576K
}
Event: 7.553 GC heap after
{Heap after GC invocations=12 (full 0):
 garbage-first heap   total reserved 6283264K, committed 57344K, used 20091K [0x0000000680800000, 0x0000000800000000)
  region size 4096K, 1 young (4096K), 1 survivors (4096K)
 Metaspace       used 35579K, committed 36096K, reserved 1114112K
  class space    used 4542K, committed 4736K, reserved 1048576K
}
Event: 7.788 GC heap before
{Heap before GC invocations=13 (full 0):
 garbage-first heap   total reserved 6283264K, committed 57344K, used 44667K [0x0000000680800000, 0x0000000800000000)
  region size 4096K, 7 young (28672K), 1 survivors (4096K)
 Metaspace       used 37912K, committed 38464K, reserved 1114112K
  class space    used 4930K, committed 5184K, reserved 1048576K
}
Event: 7.790 GC heap after
{Heap after GC invocations=14 (full 0):
 garbage-first heap   total reserved 6283264K, committed 57344K, used 20521K [0x0000000680800000, 0x0000000800000000)
  region size 4096K, 1 young (4096K), 1 survivors (4096K)
 Metaspace       used 37912K, committed 38464K, reserved 1114112K
  class space    used 4930K, committed 5184K, reserved 1048576K
}
Event: 8.030 GC heap before
{Heap before GC invocations=14 (full 0):
 garbage-first heap   total reserved 6283264K, committed 57344K, used 45097K [0x0000000680800000, 0x0000000800000000)
  region size 4096K, 7 young (28672K), 1 survivors (4096K)
 Metaspace       used 39987K, committed 40448K, reserved 1114112K
  class space    used 5298K, committed 5504K, reserved 1048576K
}
Event: 8.033 GC heap after
{Heap after GC invocations=15 (full 0):
 garbage-first heap   total reserved 6283264K, committed 57344K, used 20986K [0x0000000680800000, 0x0000000800000000)
  region size 4096K, 1 young (4096K), 1 survivors (4096K)
 Metaspace       used 39987K, committed 40448K, reserved 1114112K
  class space    used 5298K, committed 5504K, reserved 1048576K
}
Event: 8.659 GC heap before
{Heap before GC invocations=15 (full 0):
 garbage-first heap   total reserved 6283264K, committed 57344K, used 45562K [0x0000000680800000, 0x0000000800000000)
  region size 4096K, 7 young (28672K), 1 survivors (4096K)
 Metaspace       used 43236K, committed 43776K, reserved 1114112K
  class space    used 5683K, committed 5952K, reserved 1048576K
}
Event: 8.664 GC heap after
{Heap after GC invocations=16 (full 0):
 garbage-first heap   total reserved 6283264K, committed 57344K, used 21919K [0x0000000680800000, 0x0000000800000000)
  region size 4096K, 1 young (4096K), 1 survivors (4096K)
 Metaspace       used 43236K, committed 43776K, reserved 1114112K
  class space    used 5683K, committed 5952K, reserved 1048576K
}
Event: 8.932 GC heap before
{Heap before GC invocations=16 (full 0):
 garbage-first heap   total reserved 6283264K, committed 57344K, used 46495K [0x0000000680800000, 0x0000000800000000)
  region size 4096K, 7 young (28672K), 1 survivors (4096K)
 Metaspace       used 45552K, committed 46144K, reserved 1114112K
  class space    used 6027K, committed 6272K, reserved 1048576K
}
Event: 8.934 GC heap after
{Heap after GC invocations=17 (full 0):
 garbage-first heap   total reserved 6283264K, committed 57344K, used 22464K [0x0000000680800000, 0x0000000800000000)
  region size 4096K, 1 young (4096K), 1 survivors (4096K)
 Metaspace       used 45552K, committed 46144K, reserved 1114112K
  class space    used 6027K, committed 6272K, reserved 1048576K
}
Event: 9.175 GC heap before
{Heap before GC invocations=17 (full 0):
 garbage-first heap   total reserved 6283264K, committed 57344K, used 47040K [0x0000000680800000, 0x0000000800000000)
  region size 4096K, 7 young (28672K), 1 survivors (4096K)
 Metaspace       used 47950K, committed 48448K, reserved 1114112K
  class space    used 6292K, committed 6528K, reserved 1048576K
}
Event: 9.179 GC heap after
{Heap after GC invocations=18 (full 0):
 garbage-first heap   total reserved 6283264K, committed 225280K, used 23111K [0x0000000680800000, 0x0000000800000000)
  region size 4096K, 1 young (4096K), 1 survivors (4096K)
 Metaspace       used 47950K, committed 48448K, reserved 1114112K
  class space    used 6292K, committed 6528K, reserved 1048576K
}
Event: 10.549 GC heap before
{Heap before GC invocations=18 (full 0):
 garbage-first heap   total reserved 6283264K, committed 225280K, used 137799K [0x0000000680800000, 0x0000000800000000)
  region size 4096K, 31 young (126976K), 1 survivors (4096K)
 Metaspace       used 60006K, committed 60608K, reserved 1114112K
  class space    used 8186K, committed 8448K, reserved 1048576K
}
Event: 10.555 GC heap after
{Heap after GC invocations=19 (full 0):
 garbage-first heap   total reserved 6283264K, committed 225280K, used 26659K [0x0000000680800000, 0x0000000800000000)
  region size 4096K, 2 young (8192K), 2 survivors (8192K)
 Metaspace       used 60006K, committed 60608K, reserved 1114112K
  class space    used 8186K, committed 8448K, reserved 1048576K
}
Event: 22.369 GC heap before
{Heap before GC invocations=20 (full 0):
 garbage-first heap   total reserved 6283264K, committed 110592K, used 79907K [0x0000000680800000, 0x0000000800000000)
  region size 4096K, 16 young (65536K), 2 survivors (8192K)
 Metaspace       used 64546K, committed 65216K, reserved 1114112K
  class space    used 8826K, committed 9152K, reserved 1048576K
}
Event: 22.378 GC heap after
{Heap after GC invocations=21 (full 0):
 garbage-first heap   total reserved 6283264K, committed 110592K, used 29140K [0x0000000680800000, 0x0000000800000000)
  region size 4096K, 2 young (8192K), 2 survivors (8192K)
 Metaspace       used 64546K, committed 65216K, reserved 1114112K
  class space    used 8826K, committed 9152K, reserved 1048576K
}
Event: 565.356 GC heap before
{Heap before GC invocations=21 (full 0):
 garbage-first heap   total reserved 6283264K, committed 110592K, used 61908K [0x0000000680800000, 0x0000000800000000)
  region size 4096K, 12 young (49152K), 2 survivors (8192K)
 Metaspace       used 67864K, committed 68544K, reserved 1114112K
  class space    used 9306K, committed 9600K, reserved 1048576K
}
Event: 565.409 GC heap after
{Heap after GC invocations=22 (full 1):
 garbage-first heap   total reserved 6283264K, committed 98304K, used 23915K [0x0000000680800000, 0x0000000800000000)
  region size 4096K, 0 young (0K), 0 survivors (0K)
 Metaspace       used 67864K, committed 68544K, reserved 1114112K
  class space    used 9306K, committed 9600K, reserved 1048576K
}

